This is pdfTeX, Version 3.14159265-2.6-1.40.17 (TeX Live 2016) (preloaded format=latex 2016.6.17)  29 MAR 2024 22:55
entering extended mode
 restricted \write18 enabled.
 %&-line parsing enabled.
**mes.tmp00
(./mes.tmp00
LaTeX2e <2016/03/31>
Babel <3.9r> and hyphenation patterns for 83 language(s) loaded.
(/usr/local/texlive/2016/texmf-dist/tex/chinese/chitex0.tex)
(/usr/local/texlive/2016/texmf-dist/tex/latex/base/report.cls
Document Class: report 2014/09/29 v1.4h Standard LaTeX document class
(/usr/local/texlive/2016/texmf-dist/tex/latex/base/size12.clo
File: size12.clo 2014/09/29 v1.4h Standard LaTeX file (size option)
)
\c@part=\count79
\c@chapter=\count80
\c@section=\count81
\c@subsection=\count82
\c@subsubsection=\count83
\c@paragraph=\count84
\c@subparagraph=\count85
\c@figure=\count86
\c@table=\count87
\abovecaptionskip=\skip41
\belowcaptionskip=\skip42
\bibindent=\dimen102
)
(/usr/local/texlive/2016/texmf-dist/tex/chinese/misc/tmp/chitexl.tex
\chfnttab@=\write3
\ch@boxtmp=\box26
\bc@char=\count88
\ch@count=\count89
\ch@magfactorb=\count90
\ch@fntdimone=\skip43
\ch@fntdimtwo=\skip44
\ch@fntdimthr=\skip45
\ch@fntdimtmpa=\skip46
\ch@sizefac=\skip47
\ch@font=\toks14
\ch@toksa=\toks15
\ch@toksb=\toks16
\ch@toksc=\toks17
\ch@@colfactor=\count91
\ch@@colfactmp=\count92
\ch@magfactor=\count93
\ch@fntsepfac=\count94
\ch@skipa=\skip48
\ch@skipb=\skip49
\ch@skipc=\skip50
\ch@skipd=\skip51
\ch@colfactor=\count95
\ch@colfactmp=\count96
\ch@magfactmp=\count97
\ch@@colfactmp=\count98
\fontok@=\toks18
\bgfntf@=\toks19
\ch@wdpl=\skip52
\ch@wdmi=\skip53
\spcount@=\count99
\ch@boxwd=\skip54
\endchline@=\count100
\ch@code=\count101
\rotdimen=\skip55
\boxx@=\box27
\boxy@=\box28
\chtoksa@=\toks20
\chbigcode=\count102
\ch@raise=\skip56
\chraise@f=\write4
\ch@raisetmp=\skip57
\ch@raisemax=\skip58
\ch@raisectr=\count103
\dim@tmp=\dimen103
\box@tmp=\box29
\ch@toksx=\toks21
\chb@xa=\box30
\ch@raise=\skip59
\ch@@framwidth=\skip60
\chfnttab@=\write5
\ch@boxwd=\skip61
\chb@xtmp=\box31
\chchapin@=\write6
\chchapuptmp@=\write7
\ch@writetoks=\toks22
\ch@inputtoks=\toks23
\temmp@@@=\toks24
\tempptoks@@=\toks25
\tempptoksb@@=\toks26
\chtoksatwo@=\toks27
\chtoksathr@=\toks28
\chtoksbtwo@=\toks29
\chtoksbthr@=\toks30
\chtoksitwo@=\toks31
\chtoksithr@=\toks32
\chtoksbb@=\toks33
\chtoksbbb@=\toks34
\chtoksctwo@=\toks35
\chtokscthr@=\toks36
\chtoksd@=\toks37
\chtokse@=\toks38
\chtoksf@=\toks39
\chtoksg@=\toks40
\chtoksh@=\toks41
\chtoksj@=\toks42
\chtoksk@=\toks43
\chtoksp@=\toks44
\chtokspp@=\toks45
\chtoksbib@=\toks46
\chtokstab@=\toks47
\chtokstitle@=\toks48
\chtoksl@=\toks49
\chtoksm@=\toks50
\chtoksx@=\toks51
\chtoksy@=\toks52
\chtoksetwo@=\toks53
\chtoksethr@=\toks54
\chtoksftwo@=\toks55
\chtoksfthr@=\toks56
\chstyctr@=\count104
\chclsctr@=\count105
\partctr@=\count106
\chtempctr@=\count107
\ch@tabshift=\skip62
\ch@@dim=\skip63
\ch@@space=\box32
\@emptytoks=\toks57
\baselineskiporg@=\dimen104
\chtoksa@=\toks58

(/usr/local/texlive/2016/texmf-dist/tex/chinese/chitex.fdf
(/usr/local/texlive/2016/texmf-dist/tex/chinese/chitex.sca
\chwidth=\dimen105
\chbox=\box33

(/usr/local/texlive/2016/texmf-dist/tex/chinese/mymac.tex)
(/usr/local/texlive/2016/texmf-dist/tex/chinese/chitex2.sca)))
(/usr/local/texlive/2016/texmf-dist/tex/chinese/mymc.tex))
(/usr/local/texlive/2016/texmf-dist/tex/chinese/creport.sty
(/usr/local/texlive/2016/texmf-dist/tex/chinese/chitex.fdf))
(/usr/local/texlive/2016/texmf-dist/tex/latex/graphics/graphics.sty
Package: graphics 2016/05/09 v1.0r Standard LaTeX Graphics (DPC,SPQR)

(/usr/local/texlive/2016/texmf-dist/tex/latex/graphics/trig.sty
Package: trig 2016/01/03 v1.10 sin cos tan (DPC)
)
(/usr/local/texlive/2016/texmf-dist/tex/latex/00miktex/graphics.cfg
File: graphics.cfg 2007/01/18 v1.5 graphics configuration of teTeX/TeXLive
)
Package graphics Info: Driver file: dvips.def on input line 96.

(/usr/local/texlive/2016/texmf-dist/tex/latex/graphics/dvips.def
File: dvips.def 2015/12/30 v3.0k Driver-dependent file (DPC,SPQR)
))
(/usr/local/texlive/2016/texmf-dist/tex/latex/base/alltt.sty
Package: alltt 1997/06/16 v2.0g defines alltt environment
)
(/usr/local/texlive/2016/texmf-dist/tex/latex/fancyhdr/fancyhdr.sty
\fancy@headwidth=\skip64
\f@ncyO@elh=\skip65
\f@ncyO@erh=\skip66
\f@ncyO@olh=\skip67
\f@ncyO@orh=\skip68
\f@ncyO@elf=\skip69
\f@ncyO@erf=\skip70
\f@ncyO@olf=\skip71
\f@ncyO@orf=\skip72
)
(/usr/local/texlive/2016/texmf-dist/tex/latex/fancybox/fancybox.sty
Package: fancybox 2010/05/15 1.4

Style option: `fancybox' v1.4 <2010/05/15> (tvz)
\@fancybox=\box34
\shadowsize=\dimen106
\@Sbox=\box35
\do@VerbBox=\toks59
\the@fancyput=\toks60
\this@fancyput=\toks61
\EndVerbatimTokens=\toks62
\Verbatim@Outfile=\write8
\Verbatim@Infile=\read1
) (/usr/local/texlive/2016/texmf-dist/tex/latex/tools/bm.sty
Package: bm 2016/02/27 v1.2a Bold Symbol Support (DPC/FMi)
\symboldoperators=\mathgroup4
\symboldletters=\mathgroup5
\symboldsymbols=\mathgroup6
LaTeX Font Info:    Redeclaring math alphabet \mathbf on input line 142.
LaTeX Info: Redefining \bm on input line 208.
)
(/usr/local/texlive/2016/texmf-dist/tex/latex/base/latexsym.sty
Package: latexsym 1998/08/17 v2.2e Standard LaTeX package (lasy symbols)
\symlasy=\mathgroup7
LaTeX Font Info:    Overwriting symbol font `lasy' in version `bold'
(Font)                  U/lasy/m/n --> U/lasy/b/n on input line 52.
)
(/usr/local/texlive/2016/texmf-dist/tex/latex/amsfonts/amssymb.sty
Package: amssymb 2013/01/14 v3.01 AMS font symbols

(/usr/local/texlive/2016/texmf-dist/tex/latex/amsfonts/amsfonts.sty
Package: amsfonts 2013/01/14 v3.01 Basic AMSFonts support
\symAMSa=\mathgroup8
\symAMSb=\mathgroup9
LaTeX Font Info:    Overwriting math alphabet `\mathfrak' in version `bold'
(Font)                  U/euf/m/n --> U/euf/b/n on input line 106.
))
(/usr/local/texlive/2016/texmf-dist/tex/latex/graphics/color.sty
Package: color 2016/05/09 v1.1c Standard LaTeX Color (DPC)

(/usr/local/texlive/2016/texmf-dist/tex/latex/00miktex/color.cfg
File: color.cfg 2007/01/18 v1.5 color configuration of teTeX/TeXLive
)
Package color Info: Driver file: dvips.def on input line 144.

(/usr/local/texlive/2016/texmf-dist/tex/latex/graphics/dvipsnam.def
File: dvipsnam.def 2015/12/30 v3.0k Driver-dependent file (DPC,SPQR)
))
(/usr/local/texlive/2016/texmf-dist/tex/latex/pict2e/pict2e.sty
Package: pict2e 2016/02/05 v0.3b Improved picture commands (HjG,RN,JT)

(/usr/local/texlive/2016/texmf-dist/tex/latex/00miktex/pict2e.cfg
File: pict2e.cfg 2005/12/29 v1.0 MiKTeX 'pict2e' configuration
)
Package pict2e Info: Driver file: dvips.def on input line 119.
Package pict2e Info: Driver file for pict2e: p2e-dvips.def on input line 121.

(/usr/local/texlive/2016/texmf-dist/tex/latex/pict2e/p2e-dvips.def
File: p2e-dvips.def 2016/02/05 v0.1u Driver-dependant file (RN,HjG,JT)
)
\pIIe@GRAPH=\toks63
\@arclen=\dimen107
\@arcrad=\dimen108
\@tempdimd=\dimen109
)
(/usr/local/texlive/2016/texmf-dist/tex/latex/eepic/epic.sty
Enhancements to Picture Environment. Version 1.2 - Released June 1, 1986
\@@multicnt=\count108
\d@lta=\count109
\@delta=\dimen110
\@@delta=\dimen111
\@gridcnt=\count110
\@joinkind=\count111
\@dotgap=\dimen112
\@ddotgap=\dimen113
\@x@diff=\count112
\@y@diff=\count113
\x@diff=\dimen114
\y@diff=\dimen115
\@dotbox=\box36
\num@segments=\count114
\num@segmentsi=\count115
\@datafile=\read2
) (/usr/local/texlive/2016/texmf-dist/tex/latex/tools/multicol.sty
Package: multicol 2016/04/07 v1.8p multicolumn formatting (FMi)
\c@tracingmulticols=\count116
\mult@box=\box37
\multicol@leftmargin=\dimen116
\c@unbalance=\count117
\c@collectmore=\count118
\doublecol@number=\count119
\multicoltolerance=\count120
\multicolpretolerance=\count121
\full@width=\dimen117
\page@free=\dimen118
\premulticols=\dimen119
\postmulticols=\dimen120
\multicolsep=\skip73
\multicolbaselineskip=\skip74
\partial@page=\box38
\last@line=\box39
\maxbalancingoverflow=\dimen121
\mult@rightbox=\box40
\mult@grightbox=\box41
\mult@gfirstbox=\box42
\mult@firstbox=\box43
\@tempa=\box44
\@tempa=\box45
\@tempa=\box46
\@tempa=\box47
\@tempa=\box48
\@tempa=\box49
\@tempa=\box50
\@tempa=\box51
\@tempa=\box52
\@tempa=\box53
\@tempa=\box54
\@tempa=\box55
\@tempa=\box56
\@tempa=\box57
\@tempa=\box58
\@tempa=\box59
\@tempa=\box60
\c@columnbadness=\count122
\c@finalcolumnbadness=\count123
\last@try=\dimen122
\multicolovershoot=\dimen123
\multicolundershoot=\dimen124
\mult@nat@firstbox=\box61
\colbreak@box=\box62
\mc@col@check@num=\count124
)
(/usr/local/texlive/2016/texmf-dist/tex/latex/curves/curves.sty
Package: curves 2009/08/31 1.53 Curves for LaTeX picture environment
\;sc=\count125
\;scp=\count126
\;t=\count127
\;cc=\count128
\;cnd=\count129
\;mcnd=\count130
\;np=\count131
\;overhang=\count132
\;pbs=\count133
\;pns=\count134
\;psc=\count135
\;rc=\count136
\;rtc=\count137
\;tc=\count138
\csdiameter=\skip75
\curvelength=\skip76
\overhang=\skip77
\;x=\skip78
\;dx=\skip79
\;ddx=\skip80
\;y=\skip81
\;dy=\skip82
\;ddy=\skip83
\;pl=\skip84
\;ucd=\skip85
\;csbox=\box63
\;pt=\box64
\;strline=\toks64
\m;ssingcoord=\toks65
\;negdash=\toks66
\;oddcoord=\toks67
\;wc=\count139
\;X=\skip86
\;Y=\skip87
)
(/usr/local/texlive/2016/texmf-dist/tex/latex/setspace/setspace.sty
Package: setspace 2011/12/19 v6.7a set line spacing
)
(/usr/local/texlive/2016/texmf-dist/tex/latex/rotating/rotating.sty
Package: rotating 2009/03/28 v2.16a rotated objects in LaTeX

(/usr/local/texlive/2016/texmf-dist/tex/latex/graphics/graphicx.sty
Package: graphicx 2014/10/28 v1.0g Enhanced LaTeX Graphics (DPC,SPQR)

(/usr/local/texlive/2016/texmf-dist/tex/latex/graphics/keyval.sty
Package: keyval 2014/10/28 v1.15 key=value parser (DPC)
\KV@toks@=\toks68
)
\Gin@req@height=\dimen125
\Gin@req@width=\dimen126
)
(/usr/local/texlive/2016/texmf-dist/tex/latex/base/ifthen.sty
Package: ifthen 2014/09/29 v1.1c Standard LaTeX ifthen package (DPC)
)
\c@r@tfl@t=\count140
\rotFPtop=\skip88
\rotFPbot=\skip89
\rot@float@box=\box65
\rot@mess@toks=\toks69
)
(/usr/local/texlive/2016/texmf-dist/tex/latex/geometry/geometry.sty
Package: geometry 2010/09/12 v5.6 Page Geometry

(/usr/local/texlive/2016/texmf-dist/tex/generic/oberdiek/ifpdf.sty
Package: ifpdf 2016/05/14 v3.1 Provides the ifpdf switch
)
(/usr/local/texlive/2016/texmf-dist/tex/generic/oberdiek/ifvtex.sty
Package: ifvtex 2016/05/16 v1.6 Detect VTeX and its facilities (HO)
Package ifvtex Info: VTeX not detected.
)
(/usr/local/texlive/2016/texmf-dist/tex/generic/ifxetex/ifxetex.sty
Package: ifxetex 2010/09/12 v0.6 Provides ifxetex conditional
)
\Gm@cnth=\count141
\Gm@cntv=\count142
\c@Gm@tempcnt=\count143
\Gm@bindingoffset=\dimen127
\Gm@wd@mp=\dimen128
\Gm@odd@mp=\dimen129
\Gm@even@mp=\dimen130
\Gm@layoutwidth=\dimen131
\Gm@layoutheight=\dimen132
\Gm@layouthoffset=\dimen133
\Gm@layoutvoffset=\dimen134
\Gm@dimlist=\toks70
)

Package geometry Warning: Over-specification in `h'-direction.
    `width' (390.0pt) is ignored.


Package geometry Warning: Over-specification in `v'-direction.
    `height' (597.0pt) is ignored.


Package geometry Warning: Over-specification in `h'-direction.
    `width' (390.0pt) is ignored.


Package geometry Warning: Over-specification in `v'-direction.
    `height' (627.21504pt) is ignored.

No file mes.aux.
\openout1 = `mes.aux'.

LaTeX Font Info:    Checking defaults for OML/cmm/m/it on input line 176.
LaTeX Font Info:    ... okay on input line 176.
LaTeX Font Info:    Checking defaults for T1/cmr/m/n on input line 176.
LaTeX Font Info:    ... okay on input line 176.
LaTeX Font Info:    Checking defaults for OT1/cmr/m/n on input line 176.
LaTeX Font Info:    ... okay on input line 176.
LaTeX Font Info:    Checking defaults for OMS/cmsy/m/n on input line 176.
LaTeX Font Info:    ... okay on input line 176.
LaTeX Font Info:    Checking defaults for OMX/cmex/m/n on input line 176.
LaTeX Font Info:    ... okay on input line 176.
LaTeX Font Info:    Checking defaults for U/cmr/m/n on input line 176.
LaTeX Font Info:    ... okay on input line 176.
(/usr/local/texlive/2016/texmf-dist/tex/chinese/defchbfp.tex
(/usr/local/texlive/2016/texmf-dist/tex/chinese/defchbfb.tex)
(/usr/local/texlive/2016/texmf-dist/tex/chinese/defchbf0.tex))
\openout5 = `mes.ta$'.

\ch@@magfactor@@=\count144
\ch@skipsize=\skip90
\ch@skipsizea=\skip91
\ch@secctr=\count145
\ch@chapctr=\count146
\ch@partctr=\count147
\chnumtmp@=\count148
\chquoen@=\count149
\chnumtmpp@=\count150
\chapterctr@=\count151

*geometry* detected driver: dvips
(/usr/local/texlive/2016/texmf-dist/tex/generic/oberdiek/atbegshi.sty
Package: atbegshi 2016/05/16 v1.17 At begin shipout hook (HO)

(/usr/local/texlive/2016/texmf-dist/tex/generic/oberdiek/infwarerr.sty
Package: infwarerr 2016/05/16 v1.4 Providing info/warning/error messages (HO)
)
(/usr/local/texlive/2016/texmf-dist/tex/generic/oberdiek/ltxcmds.sty
Package: ltxcmds 2016/05/16 v1.23 LaTeX kernel commands for general use (HO)
)
\AtBeginShipoutBox=\box66
)
*geometry* verbose mode - [ preamble ] result:
* driver: dvips
* paper: custom
* layout: <same size as paper>
* layoutoffset:(h,v)=(0.0pt,0.0pt)
* modes: includehead includefoot showframe 
* h-part:(L,W,R)=(31.2982pt, 381.26659pt, 31.2982pt)
* v-part:(T,H,B)=(31.2982pt, 532.06638pt, 28.45274pt)
* \paperwidth=443.86299pt
* \paperheight=591.81732pt
* \textwidth=381.26659pt
* \textheight=434.85133pt
* \oddsidemargin=-40.97179pt
* \evensidemargin=-40.97179pt
* \topmargin=-40.97179pt
* \headheight=21.0pt
* \headsep=25.0pt
* \topskip=12.0pt
* \footskip=51.21504pt
* \marginparwidth=0.0pt
* \marginparsep=0.0pt
* \columnsep=10.0pt
* \skip\footins=10.8pt plus 4.0pt minus 2.0pt
* \hoffset=0.0pt
* \voffset=0.0pt
* \mag=1000
* \@twocolumnfalse
* \@twosidefalse
* \@mparswitchfalse
* \@reversemarginfalse
* (1in=72.27pt=25.4mm, 1cm=28.453pt)


! Undefined control sequence.
l.181 {\vspace{1em}\large\hkyuan
                                選擇題： }
? 
! Interruption.
<to be read again> 
                   \protect 
l.181 {\vspace{1em}\large\hkyuan選
                                  擇題： }
? x
 
Here is how much of TeX's memory you used:
 7198 strings out of 493015
 89906 string characters out of 6133362
 297881 words of memory out of 5000000
 10680 multiletter control sequences out of 15000+600000
 4236 words of font info for 16 fonts, out of 8000000 for 9000
 1141 hyphenation exceptions out of 8191
 30i,0n,43p,320b,91s stack positions out of 5000i,500n,10000p,200000b,80000s
No pages of output.
